

Started GET "/" for 127.0.0.1 at 2016-11-19 14:41:54 -0300
Processing by Rails::WelcomeController#index as HTML
  Rendered /home/veronica/.rvm/gems/ruby-2.2.2/gems/railties-4.2.6/lib/rails/templates/rails/welcome/index.html.erb (2.7ms)
Completed 200 OK in 30ms (Views: 17.2ms | ActiveRecord: 0.0ms)


Started GET "/" for 127.0.0.1 at 2016-11-19 14:43:08 -0300
Processing by Rails::WelcomeController#index as HTML
  Rendered /home/veronica/.rvm/gems/ruby-2.2.2/gems/railties-4.2.6/lib/rails/templates/rails/welcome/index.html.erb (0.1ms)
Completed 200 OK in 2ms (Views: 1.3ms | ActiveRecord: 0.0ms)
  [1m[36m (140.4ms)[0m  [1mCREATE TABLE "schema_migrations" ("version" varchar NOT NULL) [0m
  [1m[35m (0.3ms)[0m  select sqlite_version(*)
  [1m[36m (132.6ms)[0m  [1mCREATE UNIQUE INDEX "unique_schema_migrations" ON "schema_migrations" ("version")[0m
  [1m[35mActiveRecord::SchemaMigration Load (0.3ms)[0m  SELECT "schema_migrations".* FROM "schema_migrations"
Migrating to CreateIdeas (20161119174340)
  [1m[36m (0.1ms)[0m  [1mbegin transaction[0m
  [1m[35m (0.4ms)[0m  CREATE TABLE "ideas" ("id" INTEGER PRIMARY KEY AUTOINCREMENT NOT NULL, "name" varchar, "description" text, "picture" varchar, "created_at" datetime NOT NULL, "updated_at" datetime NOT NULL) 
  [1m[36mSQL (0.2ms)[0m  [1mINSERT INTO "schema_migrations" ("version") VALUES (?)[0m  [["version", "20161119174340"]]
  [1m[35m (128.0ms)[0m  commit transaction
  [1m[36mActiveRecord::SchemaMigration Load (0.1ms)[0m  [1mSELECT "schema_migrations".* FROM "schema_migrations"[0m


Started GET "/ideas" for 127.0.0.1 at 2016-11-19 14:47:46 -0300
  [1m[36mActiveRecord::SchemaMigration Load (0.1ms)[0m  [1mSELECT "schema_migrations".* FROM "schema_migrations"[0m
Processing by IdeasController#index as HTML
  [1m[35mIdea Load (0.2ms)[0m  SELECT "ideas".* FROM "ideas"
  Rendered ideas/index.html.erb within layouts/application (3.2ms)
Completed 200 OK in 1980ms (Views: 1966.5ms | ActiveRecord: 0.3ms)


Started GET "/assets/ideas.self-e3b0c44298fc1c149afbf4c8996fb92427ae41e4649b934ca495991b7852b855.css?body=1" for 127.0.0.1 at 2016-11-19 14:47:49 -0300


Started GET "/assets/scaffolds.self-5d6ab611344d1a6eb29e48c53763cda2bc90b9fef25c0159330b226ad2300f54.css?body=1" for 127.0.0.1 at 2016-11-19 14:47:49 -0300


Started GET "/assets/application.self-e80e8f2318043e8af94dddc2adad5a4f09739a8ebb323b3ab31cd71d45fd9113.css?body=1" for 127.0.0.1 at 2016-11-19 14:47:49 -0300


Started GET "/assets/turbolinks.self-c5acd7a204f5f25ce7a1d8a0e4d92e28d34c9e2df2c7371cd7af88e147e4ad82.js?body=1" for 127.0.0.1 at 2016-11-19 14:47:49 -0300


Started GET "/assets/jquery.self-bd7ddd393353a8d2480a622e80342adf488fb6006d667e8b42e4c0073393abee.js?body=1" for 127.0.0.1 at 2016-11-19 14:47:49 -0300


Started GET "/assets/jquery_ujs.self-784a997f6726036b1993eb2217c9cb558e1cbb801c6da88105588c56f13b466a.js?body=1" for 127.0.0.1 at 2016-11-19 14:47:49 -0300


Started GET "/assets/ideas.self-877aef30ae1b040ab8a3aba4e3e309a11d7f2612f44dde450b5c157aa5f95c05.js?body=1" for 127.0.0.1 at 2016-11-19 14:47:49 -0300


Started GET "/assets/application.self-3b8dabdc891efe46b9a144b400ad69e37d7e5876bdc39dee783419a69d7ca819.js?body=1" for 127.0.0.1 at 2016-11-19 14:47:49 -0300


Started GET "/" for 127.0.0.1 at 2016-11-19 14:47:53 -0300
Processing by Rails::WelcomeController#index as HTML
  Rendered /home/veronica/.rvm/gems/ruby-2.2.2/gems/railties-4.2.6/lib/rails/templates/rails/welcome/index.html.erb (1.5ms)
Completed 200 OK in 9ms (Views: 8.2ms | ActiveRecord: 0.0ms)


Started GET "/ideas/new" for 127.0.0.1 at 2016-11-19 14:49:43 -0300
Processing by IdeasController#new as HTML
  Rendered ideas/_form.html.erb (72.5ms)
  Rendered ideas/new.html.erb within layouts/application (88.9ms)
Completed 200 OK in 142ms (Views: 124.2ms | ActiveRecord: 0.4ms)


Started GET "/ideas/new" for 127.0.0.1 at 2016-11-19 14:55:09 -0300
Processing by IdeasController#new as HTML
  Rendered ideas/_form.html.erb (3.3ms)
  Rendered ideas/new.html.erb within layouts/application (4.5ms)
Completed 200 OK in 34ms (Views: 32.7ms | ActiveRecord: 0.0ms)


Started GET "/ideas" for 127.0.0.1 at 2016-11-19 14:55:59 -0300
Processing by IdeasController#index as HTML
  [1m[36mIdea Load (0.2ms)[0m  [1mSELECT "ideas".* FROM "ideas"[0m
  Rendered ideas/index.html.erb within layouts/application (18.7ms)
Completed 200 OK in 21ms (Views: 20.5ms | ActiveRecord: 0.2ms)


Started GET "/ideas" for 127.0.0.1 at 2016-11-19 14:56:03 -0300
Processing by IdeasController#index as HTML
  [1m[35mIdea Load (0.2ms)[0m  SELECT "ideas".* FROM "ideas"
  Rendered ideas/index.html.erb within layouts/application (22.4ms)
Completed 200 OK in 27ms (Views: 26.0ms | ActiveRecord: 0.2ms)


Started GET "/ideas" for 127.0.0.1 at 2016-11-19 14:56:15 -0300
Processing by IdeasController#index as HTML
  [1m[36mIdea Load (0.2ms)[0m  [1mSELECT "ideas".* FROM "ideas"[0m
  Rendered ideas/index.html.erb within layouts/application (49.5ms)
Completed 200 OK in 69ms (Views: 66.9ms | ActiveRecord: 0.2ms)


Started GET "/assets/ideas.self-e3b0c44298fc1c149afbf4c8996fb92427ae41e4649b934ca495991b7852b855.css?body=1" for 127.0.0.1 at 2016-11-19 14:56:15 -0300


Started GET "/assets/scaffolds.self-5d6ab611344d1a6eb29e48c53763cda2bc90b9fef25c0159330b226ad2300f54.css?body=1" for 127.0.0.1 at 2016-11-19 14:56:15 -0300


Started GET "/assets/application.self-e80e8f2318043e8af94dddc2adad5a4f09739a8ebb323b3ab31cd71d45fd9113.css?body=1" for 127.0.0.1 at 2016-11-19 14:56:15 -0300


Started GET "/assets/jquery.self-bd7ddd393353a8d2480a622e80342adf488fb6006d667e8b42e4c0073393abee.js?body=1" for 127.0.0.1 at 2016-11-19 14:56:15 -0300


Started GET "/assets/turbolinks.self-c5acd7a204f5f25ce7a1d8a0e4d92e28d34c9e2df2c7371cd7af88e147e4ad82.js?body=1" for 127.0.0.1 at 2016-11-19 14:56:15 -0300


Started GET "/assets/ideas.self-877aef30ae1b040ab8a3aba4e3e309a11d7f2612f44dde450b5c157aa5f95c05.js?body=1" for 127.0.0.1 at 2016-11-19 14:56:15 -0300


Started GET "/assets/jquery_ujs.self-784a997f6726036b1993eb2217c9cb558e1cbb801c6da88105588c56f13b466a.js?body=1" for 127.0.0.1 at 2016-11-19 14:56:15 -0300


Started GET "/assets/application.self-3b8dabdc891efe46b9a144b400ad69e37d7e5876bdc39dee783419a69d7ca819.js?body=1" for 127.0.0.1 at 2016-11-19 14:56:15 -0300


Started GET "/ideas" for 127.0.0.1 at 2016-11-19 14:57:06 -0300
Processing by IdeasController#index as HTML
  [1m[35mIdea Load (0.2ms)[0m  SELECT "ideas".* FROM "ideas"
  Rendered ideas/index.html.erb within layouts/application (1.7ms)
Completed 200 OK in 26ms (Views: 24.6ms | ActiveRecord: 0.2ms)


Started GET "/assets/ideas.self-e3b0c44298fc1c149afbf4c8996fb92427ae41e4649b934ca495991b7852b855.css?body=1" for 127.0.0.1 at 2016-11-19 14:57:06 -0300


Started GET "/assets/jquery.self-bd7ddd393353a8d2480a622e80342adf488fb6006d667e8b42e4c0073393abee.js?body=1" for 127.0.0.1 at 2016-11-19 14:57:06 -0300


Started GET "/assets/scaffolds.self-5d6ab611344d1a6eb29e48c53763cda2bc90b9fef25c0159330b226ad2300f54.css?body=1" for 127.0.0.1 at 2016-11-19 14:57:06 -0300


Started GET "/assets/jquery_ujs.self-784a997f6726036b1993eb2217c9cb558e1cbb801c6da88105588c56f13b466a.js?body=1" for 127.0.0.1 at 2016-11-19 14:57:06 -0300


Started GET "/assets/application.self-e80e8f2318043e8af94dddc2adad5a4f09739a8ebb323b3ab31cd71d45fd9113.css?body=1" for 127.0.0.1 at 2016-11-19 14:57:06 -0300


Started GET "/assets/turbolinks.self-c5acd7a204f5f25ce7a1d8a0e4d92e28d34c9e2df2c7371cd7af88e147e4ad82.js?body=1" for 127.0.0.1 at 2016-11-19 14:57:06 -0300


Started GET "/assets/ideas.self-877aef30ae1b040ab8a3aba4e3e309a11d7f2612f44dde450b5c157aa5f95c05.js?body=1" for 127.0.0.1 at 2016-11-19 14:57:06 -0300


Started GET "/assets/application.self-3b8dabdc891efe46b9a144b400ad69e37d7e5876bdc39dee783419a69d7ca819.js?body=1" for 127.0.0.1 at 2016-11-19 14:57:06 -0300


Started GET "/ideas/new" for 127.0.0.1 at 2016-11-19 14:57:08 -0300
Processing by IdeasController#new as HTML
  Rendered ideas/_form.html.erb (11.9ms)
  Rendered ideas/new.html.erb within layouts/application (12.9ms)
Completed 200 OK in 32ms (Views: 30.6ms | ActiveRecord: 0.0ms)


Started GET "/ideas/new" for 127.0.0.1 at 2016-11-19 14:58:30 -0300
Processing by IdeasController#new as HTML
  Rendered ideas/_form.html.erb (2.0ms)
  Rendered ideas/new.html.erb within layouts/application (2.8ms)
Completed 200 OK in 23ms (Views: 22.6ms | ActiveRecord: 0.0ms)


Started GET "/assets/scaffolds.self-5d6ab611344d1a6eb29e48c53763cda2bc90b9fef25c0159330b226ad2300f54.css?body=1" for 127.0.0.1 at 2016-11-19 14:58:30 -0300


Started GET "/assets/ideas.self-e3b0c44298fc1c149afbf4c8996fb92427ae41e4649b934ca495991b7852b855.css?body=1" for 127.0.0.1 at 2016-11-19 14:58:30 -0300


Started GET "/assets/application.self-e80e8f2318043e8af94dddc2adad5a4f09739a8ebb323b3ab31cd71d45fd9113.css?body=1" for 127.0.0.1 at 2016-11-19 14:58:30 -0300


Started GET "/assets/jquery.self-bd7ddd393353a8d2480a622e80342adf488fb6006d667e8b42e4c0073393abee.js?body=1" for 127.0.0.1 at 2016-11-19 14:58:30 -0300


Started GET "/assets/ideas.self-877aef30ae1b040ab8a3aba4e3e309a11d7f2612f44dde450b5c157aa5f95c05.js?body=1" for 127.0.0.1 at 2016-11-19 14:58:30 -0300


Started GET "/assets/jquery_ujs.self-784a997f6726036b1993eb2217c9cb558e1cbb801c6da88105588c56f13b466a.js?body=1" for 127.0.0.1 at 2016-11-19 14:58:30 -0300


Started GET "/assets/turbolinks.self-c5acd7a204f5f25ce7a1d8a0e4d92e28d34c9e2df2c7371cd7af88e147e4ad82.js?body=1" for 127.0.0.1 at 2016-11-19 14:58:30 -0300


Started GET "/assets/application.self-3b8dabdc891efe46b9a144b400ad69e37d7e5876bdc39dee783419a69d7ca819.js?body=1" for 127.0.0.1 at 2016-11-19 14:58:30 -0300


Started GET "/ideas/new" for 127.0.0.1 at 2016-11-19 14:58:33 -0300
Processing by IdeasController#new as HTML
  Rendered ideas/_form.html.erb (2.1ms)
  Rendered ideas/new.html.erb within layouts/application (2.8ms)
Completed 200 OK in 23ms (Views: 21.9ms | ActiveRecord: 0.0ms)


Started GET "/assets/ideas.self-e3b0c44298fc1c149afbf4c8996fb92427ae41e4649b934ca495991b7852b855.css?body=1" for 127.0.0.1 at 2016-11-19 14:58:33 -0300


Started GET "/assets/scaffolds.self-5d6ab611344d1a6eb29e48c53763cda2bc90b9fef25c0159330b226ad2300f54.css?body=1" for 127.0.0.1 at 2016-11-19 14:58:33 -0300


Started GET "/assets/application.self-e80e8f2318043e8af94dddc2adad5a4f09739a8ebb323b3ab31cd71d45fd9113.css?body=1" for 127.0.0.1 at 2016-11-19 14:58:33 -0300


Started GET "/assets/jquery.self-bd7ddd393353a8d2480a622e80342adf488fb6006d667e8b42e4c0073393abee.js?body=1" for 127.0.0.1 at 2016-11-19 14:58:33 -0300


Started GET "/assets/jquery_ujs.self-784a997f6726036b1993eb2217c9cb558e1cbb801c6da88105588c56f13b466a.js?body=1" for 127.0.0.1 at 2016-11-19 14:58:33 -0300


Started GET "/assets/application.self-3b8dabdc891efe46b9a144b400ad69e37d7e5876bdc39dee783419a69d7ca819.js?body=1" for 127.0.0.1 at 2016-11-19 14:58:33 -0300


Started GET "/assets/ideas.self-877aef30ae1b040ab8a3aba4e3e309a11d7f2612f44dde450b5c157aa5f95c05.js?body=1" for 127.0.0.1 at 2016-11-19 14:58:33 -0300


Started GET "/assets/turbolinks.self-c5acd7a204f5f25ce7a1d8a0e4d92e28d34c9e2df2c7371cd7af88e147e4ad82.js?body=1" for 127.0.0.1 at 2016-11-19 14:58:33 -0300


Started GET "/ideas/" for 127.0.0.1 at 2016-11-19 14:58:43 -0300
Processing by IdeasController#index as HTML
  [1m[36mIdea Load (0.3ms)[0m  [1mSELECT "ideas".* FROM "ideas"[0m
  Rendered ideas/index.html.erb within layouts/application (1.0ms)
Completed 200 OK in 22ms (Views: 20.2ms | ActiveRecord: 0.3ms)


Started GET "/ideas/new" for 127.0.0.1 at 2016-11-19 14:58:55 -0300
Processing by IdeasController#new as HTML
  Rendered ideas/_form.html.erb (3.2ms)
  Rendered ideas/new.html.erb within layouts/application (4.1ms)
Completed 200 OK in 29ms (Views: 28.2ms | ActiveRecord: 0.0ms)


Started GET "/ideas" for 127.0.0.1 at 2016-11-19 15:00:17 -0300
Processing by IdeasController#index as HTML
  [1m[35mIdea Load (0.3ms)[0m  SELECT "ideas".* FROM "ideas"
  Rendered ideas/index.html.erb within layouts/application (1.2ms)
Completed 200 OK in 23ms (Views: 21.6ms | ActiveRecord: 0.3ms)


Started GET "/" for 127.0.0.1 at 2016-11-19 15:00:34 -0300
Processing by Rails::WelcomeController#index as HTML
  Rendered /home/veronica/.rvm/gems/ruby-2.2.2/gems/railties-4.2.6/lib/rails/templates/rails/welcome/index.html.erb (0.1ms)
Completed 200 OK in 2ms (Views: 1.4ms | ActiveRecord: 0.0ms)


Started GET "/ideas" for 127.0.0.1 at 2016-11-19 15:00:45 -0300
Processing by IdeasController#index as HTML
  [1m[36mIdea Load (0.3ms)[0m  [1mSELECT "ideas".* FROM "ideas"[0m
  Rendered ideas/index.html.erb within layouts/application (1.3ms)
Completed 200 OK in 27ms (Views: 25.2ms | ActiveRecord: 0.3ms)


Started GET "/ideas/new" for 127.0.0.1 at 2016-11-19 15:00:52 -0300
Processing by IdeasController#new as HTML
  Rendered ideas/_form.html.erb (2.3ms)
  Rendered ideas/new.html.erb within layouts/application (3.2ms)
Completed 200 OK in 24ms (Views: 23.5ms | ActiveRecord: 0.0ms)


Started GET "/ideas/new" for 127.0.0.1 at 2016-11-19 15:01:27 -0300
Processing by IdeasController#new as HTML
  Rendered ideas/_form.html.erb (2.6ms)
  Rendered ideas/new.html.erb within layouts/application (3.7ms)
Completed 200 OK in 26ms (Views: 24.8ms | ActiveRecord: 0.0ms)


Started GET "/assets/scaffolds.self-5d6ab611344d1a6eb29e48c53763cda2bc90b9fef25c0159330b226ad2300f54.css?body=1" for 127.0.0.1 at 2016-11-19 15:01:27 -0300


Started GET "/assets/jquery_ujs.self-784a997f6726036b1993eb2217c9cb558e1cbb801c6da88105588c56f13b466a.js?body=1" for 127.0.0.1 at 2016-11-19 15:01:27 -0300


Started GET "/assets/application.self-e80e8f2318043e8af94dddc2adad5a4f09739a8ebb323b3ab31cd71d45fd9113.css?body=1" for 127.0.0.1 at 2016-11-19 15:01:27 -0300


Started GET "/assets/ideas.self-e3b0c44298fc1c149afbf4c8996fb92427ae41e4649b934ca495991b7852b855.css?body=1" for 127.0.0.1 at 2016-11-19 15:01:27 -0300


Started GET "/assets/jquery.self-bd7ddd393353a8d2480a622e80342adf488fb6006d667e8b42e4c0073393abee.js?body=1" for 127.0.0.1 at 2016-11-19 15:01:27 -0300


Started GET "/assets/turbolinks.self-c5acd7a204f5f25ce7a1d8a0e4d92e28d34c9e2df2c7371cd7af88e147e4ad82.js?body=1" for 127.0.0.1 at 2016-11-19 15:01:27 -0300


Started GET "/assets/ideas.self-877aef30ae1b040ab8a3aba4e3e309a11d7f2612f44dde450b5c157aa5f95c05.js?body=1" for 127.0.0.1 at 2016-11-19 15:01:27 -0300


Started GET "/assets/application.self-3b8dabdc891efe46b9a144b400ad69e37d7e5876bdc39dee783419a69d7ca819.js?body=1" for 127.0.0.1 at 2016-11-19 15:01:27 -0300


Started GET "/ideas/new" for 127.0.0.1 at 2016-11-19 15:01:29 -0300
Processing by IdeasController#new as HTML
  Rendered ideas/_form.html.erb (2.5ms)
  Rendered ideas/new.html.erb within layouts/application (3.3ms)
Completed 200 OK in 35ms (Views: 33.9ms | ActiveRecord: 0.0ms)


Started GET "/assets/scaffolds.self-5d6ab611344d1a6eb29e48c53763cda2bc90b9fef25c0159330b226ad2300f54.css?body=1" for 127.0.0.1 at 2016-11-19 15:01:29 -0300


Started GET "/assets/ideas.self-e3b0c44298fc1c149afbf4c8996fb92427ae41e4649b934ca495991b7852b855.css?body=1" for 127.0.0.1 at 2016-11-19 15:01:29 -0300


Started GET "/assets/application.self-e80e8f2318043e8af94dddc2adad5a4f09739a8ebb323b3ab31cd71d45fd9113.css?body=1" for 127.0.0.1 at 2016-11-19 15:01:29 -0300


Started GET "/assets/jquery.self-bd7ddd393353a8d2480a622e80342adf488fb6006d667e8b42e4c0073393abee.js?body=1" for 127.0.0.1 at 2016-11-19 15:01:29 -0300


Started GET "/assets/jquery_ujs.self-784a997f6726036b1993eb2217c9cb558e1cbb801c6da88105588c56f13b466a.js?body=1" for 127.0.0.1 at 2016-11-19 15:01:29 -0300


Started GET "/assets/turbolinks.self-c5acd7a204f5f25ce7a1d8a0e4d92e28d34c9e2df2c7371cd7af88e147e4ad82.js?body=1" for 127.0.0.1 at 2016-11-19 15:01:29 -0300


Started GET "/assets/ideas.self-877aef30ae1b040ab8a3aba4e3e309a11d7f2612f44dde450b5c157aa5f95c05.js?body=1" for 127.0.0.1 at 2016-11-19 15:01:29 -0300


Started GET "/assets/application.self-3b8dabdc891efe46b9a144b400ad69e37d7e5876bdc39dee783419a69d7ca819.js?body=1" for 127.0.0.1 at 2016-11-19 15:01:29 -0300


Started GET "/ideas/new" for 127.0.0.1 at 2016-11-19 15:03:33 -0300
Processing by IdeasController#new as HTML
  Rendered ideas/_form.html.erb (3.6ms)
  Rendered ideas/new.html.erb within layouts/application (5.0ms)
Completed 200 OK in 73ms (Views: 72.2ms | ActiveRecord: 0.0ms)


Started GET "/assets/application.self-0183c1737a771397bb3a5d7c5b6275ae74c7073e91c6cbe90d7806f0202e3039.css?body=1" for 127.0.0.1 at 2016-11-19 15:03:33 -0300


Started GET "/assets/ideas.self-e3b0c44298fc1c149afbf4c8996fb92427ae41e4649b934ca495991b7852b855.css?body=1" for 127.0.0.1 at 2016-11-19 15:03:33 -0300


Started GET "/assets/scaffolds.self-5d6ab611344d1a6eb29e48c53763cda2bc90b9fef25c0159330b226ad2300f54.css?body=1" for 127.0.0.1 at 2016-11-19 15:03:33 -0300


Started GET "/assets/jquery.self-bd7ddd393353a8d2480a622e80342adf488fb6006d667e8b42e4c0073393abee.js?body=1" for 127.0.0.1 at 2016-11-19 15:03:33 -0300


Started GET "/assets/jquery_ujs.self-784a997f6726036b1993eb2217c9cb558e1cbb801c6da88105588c56f13b466a.js?body=1" for 127.0.0.1 at 2016-11-19 15:03:33 -0300


Started GET "/assets/turbolinks.self-c5acd7a204f5f25ce7a1d8a0e4d92e28d34c9e2df2c7371cd7af88e147e4ad82.js?body=1" for 127.0.0.1 at 2016-11-19 15:03:33 -0300


Started GET "/assets/ideas.self-877aef30ae1b040ab8a3aba4e3e309a11d7f2612f44dde450b5c157aa5f95c05.js?body=1" for 127.0.0.1 at 2016-11-19 15:03:33 -0300


Started GET "/assets/application.self-3b8dabdc891efe46b9a144b400ad69e37d7e5876bdc39dee783419a69d7ca819.js?body=1" for 127.0.0.1 at 2016-11-19 15:03:33 -0300


Started GET "/ideas" for 127.0.0.1 at 2016-11-19 15:03:39 -0300
Processing by IdeasController#index as HTML
  [1m[35mIdea Load (0.2ms)[0m  SELECT "ideas".* FROM "ideas"
  Rendered ideas/index.html.erb within layouts/application (1.0ms)
Completed 200 OK in 22ms (Views: 21.4ms | ActiveRecord: 0.2ms)


Started GET "/ideas/new" for 127.0.0.1 at 2016-11-19 15:03:45 -0300
Processing by IdeasController#new as HTML
  Rendered ideas/_form.html.erb (3.2ms)
  Rendered ideas/new.html.erb within layouts/application (4.4ms)
Completed 200 OK in 28ms (Views: 27.1ms | ActiveRecord: 0.0ms)


Started GET "/ideas/new" for 127.0.0.1 at 2016-11-19 15:06:28 -0300
Processing by IdeasController#new as HTML
  Rendered ideas/_form.html.erb (2.1ms)
  Rendered ideas/new.html.erb within layouts/application (2.9ms)
Completed 200 OK in 23ms (Views: 22.1ms | ActiveRecord: 0.0ms)


Started GET "/assets/ideas.self-e3b0c44298fc1c149afbf4c8996fb92427ae41e4649b934ca495991b7852b855.css?body=1" for 127.0.0.1 at 2016-11-19 15:06:28 -0300


Started GET "/assets/scaffolds.self-5d6ab611344d1a6eb29e48c53763cda2bc90b9fef25c0159330b226ad2300f54.css?body=1" for 127.0.0.1 at 2016-11-19 15:06:28 -0300


Started GET "/assets/turbolinks.self-c5acd7a204f5f25ce7a1d8a0e4d92e28d34c9e2df2c7371cd7af88e147e4ad82.js?body=1" for 127.0.0.1 at 2016-11-19 15:06:28 -0300


Started GET "/assets/jquery.self-bd7ddd393353a8d2480a622e80342adf488fb6006d667e8b42e4c0073393abee.js?body=1" for 127.0.0.1 at 2016-11-19 15:06:28 -0300


Started GET "/assets/jquery_ujs.self-784a997f6726036b1993eb2217c9cb558e1cbb801c6da88105588c56f13b466a.js?body=1" for 127.0.0.1 at 2016-11-19 15:06:28 -0300


Started GET "/assets/application.self-0183c1737a771397bb3a5d7c5b6275ae74c7073e91c6cbe90d7806f0202e3039.css?body=1" for 127.0.0.1 at 2016-11-19 15:06:28 -0300


Started GET "/assets/ideas.self-877aef30ae1b040ab8a3aba4e3e309a11d7f2612f44dde450b5c157aa5f95c05.js?body=1" for 127.0.0.1 at 2016-11-19 15:06:28 -0300


Started GET "/assets/application.self-3b8dabdc891efe46b9a144b400ad69e37d7e5876bdc39dee783419a69d7ca819.js?body=1" for 127.0.0.1 at 2016-11-19 15:06:28 -0300


Started GET "/ideas/new" for 127.0.0.1 at 2016-11-19 15:25:20 -0300
  [1m[36mActiveRecord::SchemaMigration Load (0.1ms)[0m  [1mSELECT "schema_migrations".* FROM "schema_migrations"[0m
Processing by IdeasController#new as HTML
  Rendered ideas/_form.html.erb (20.1ms)
  Rendered ideas/new.html.erb within layouts/application (25.2ms)
Completed 500 Internal Server Error in 62ms (ActiveRecord: 0.5ms)

ActionView::Template::Error (undefined local variable or method `idea' for #<#<Class:0x000000040d0440>:0x0000000407eb18>):
    1: <%= form_for(idea, html: {multipart: true}) do |f| %>
    2:   <% if @idea.errors.any? %>
    3:     <div id="error_explanation">
    4:       <h2><%= pluralize(@idea.errors.count, "error") %> prohibited this idea from being saved:</h2>
  app/views/ideas/_form.html.erb:1:in `_app_views_ideas__form_html_erb__695043366948402764_23369000'
  app/views/ideas/new.html.erb:3:in `_app_views_ideas_new_html_erb__2949752564935556970_28077780'


  Rendered /home/veronica/.rvm/gems/ruby-2.2.2/gems/actionpack-4.2.6/lib/action_dispatch/middleware/templates/rescues/_source.erb (9.9ms)
  Rendered /home/veronica/.rvm/gems/ruby-2.2.2/gems/actionpack-4.2.6/lib/action_dispatch/middleware/templates/rescues/_trace.html.erb (5.0ms)
  Rendered /home/veronica/.rvm/gems/ruby-2.2.2/gems/actionpack-4.2.6/lib/action_dispatch/middleware/templates/rescues/_request_and_response.html.erb (1.1ms)
  Rendered /home/veronica/.rvm/gems/ruby-2.2.2/gems/actionpack-4.2.6/lib/action_dispatch/middleware/templates/rescues/template_error.html.erb within rescues/layout (34.2ms)
  Rendered /home/veronica/.rvm/gems/ruby-2.2.2/gems/web-console-2.3.0/lib/web_console/templates/_markup.html.erb (0.4ms)
  Rendered /home/veronica/.rvm/gems/ruby-2.2.2/gems/web-console-2.3.0/lib/web_console/templates/_inner_console_markup.html.erb within layouts/inlined_string (0.5ms)
  Rendered /home/veronica/.rvm/gems/ruby-2.2.2/gems/web-console-2.3.0/lib/web_console/templates/_prompt_box_markup.html.erb within layouts/inlined_string (0.3ms)
  Rendered /home/veronica/.rvm/gems/ruby-2.2.2/gems/web-console-2.3.0/lib/web_console/templates/style.css.erb within layouts/inlined_string (0.4ms)
  Rendered /home/veronica/.rvm/gems/ruby-2.2.2/gems/web-console-2.3.0/lib/web_console/templates/console.js.erb within layouts/javascript (30.5ms)
  Rendered /home/veronica/.rvm/gems/ruby-2.2.2/gems/web-console-2.3.0/lib/web_console/templates/main.js.erb within layouts/javascript (0.4ms)
  Rendered /home/veronica/.rvm/gems/ruby-2.2.2/gems/web-console-2.3.0/lib/web_console/templates/error_page.js.erb within layouts/javascript (0.4ms)
  Rendered /home/veronica/.rvm/gems/ruby-2.2.2/gems/web-console-2.3.0/lib/web_console/templates/index.html.erb (63.3ms)


Started GET "/ideas/new" for 127.0.0.1 at 2016-11-19 15:26:09 -0300
Processing by IdeasController#new as HTML
  Rendered ideas/_form.html.erb (16.5ms)
  Rendered ideas/new.html.erb within layouts/application (17.2ms)
Completed 500 Internal Server Error in 21ms (ActiveRecord: 0.0ms)

ActionView::Template::Error (undefined local variable or method `idea' for #<#<Class:0x000000040d0440>:0x00000004d8ded0>):
    1: <%= form_for(idea, html: {multipart: true}) do |f| %>
    2:   <% if @idea.errors.any? %>
    3:     <div id="error_explanation">
    4:       <h2><%= pluralize(@idea.errors.count, "error") %> prohibited this idea from being saved:</h2>
  app/views/ideas/_form.html.erb:1:in `_app_views_ideas__form_html_erb__695043366948402764_23369000'
  app/views/ideas/new.html.erb:3:in `_app_views_ideas_new_html_erb__2949752564935556970_28077780'


  Rendered /home/veronica/.rvm/gems/ruby-2.2.2/gems/actionpack-4.2.6/lib/action_dispatch/middleware/templates/rescues/_source.erb (11.6ms)
  Rendered /home/veronica/.rvm/gems/ruby-2.2.2/gems/actionpack-4.2.6/lib/action_dispatch/middleware/templates/rescues/_trace.html.erb (3.7ms)
  Rendered /home/veronica/.rvm/gems/ruby-2.2.2/gems/actionpack-4.2.6/lib/action_dispatch/middleware/templates/rescues/_request_and_response.html.erb (1.1ms)
  Rendered /home/veronica/.rvm/gems/ruby-2.2.2/gems/actionpack-4.2.6/lib/action_dispatch/middleware/templates/rescues/template_error.html.erb within rescues/layout (34.2ms)
  Rendered /home/veronica/.rvm/gems/ruby-2.2.2/gems/web-console-2.3.0/lib/web_console/templates/_markup.html.erb (0.7ms)
  Rendered /home/veronica/.rvm/gems/ruby-2.2.2/gems/web-console-2.3.0/lib/web_console/templates/_inner_console_markup.html.erb within layouts/inlined_string (0.3ms)
  Rendered /home/veronica/.rvm/gems/ruby-2.2.2/gems/web-console-2.3.0/lib/web_console/templates/_prompt_box_markup.html.erb within layouts/inlined_string (0.4ms)
  Rendered /home/veronica/.rvm/gems/ruby-2.2.2/gems/web-console-2.3.0/lib/web_console/templates/style.css.erb within layouts/inlined_string (0.4ms)
  Rendered /home/veronica/.rvm/gems/ruby-2.2.2/gems/web-console-2.3.0/lib/web_console/templates/console.js.erb within layouts/javascript (19.6ms)
  Rendered /home/veronica/.rvm/gems/ruby-2.2.2/gems/web-console-2.3.0/lib/web_console/templates/main.js.erb within layouts/javascript (0.3ms)
  Rendered /home/veronica/.rvm/gems/ruby-2.2.2/gems/web-console-2.3.0/lib/web_console/templates/error_page.js.erb within layouts/javascript (0.6ms)
  Rendered /home/veronica/.rvm/gems/ruby-2.2.2/gems/web-console-2.3.0/lib/web_console/templates/index.html.erb (43.2ms)


Started GET "/ideas/new" for 127.0.0.1 at 2016-11-19 15:29:08 -0300
Processing by IdeasController#new as HTML
  Rendered ideas/_form.html.erb (22.1ms)
  Rendered ideas/new.html.erb within layouts/application (23.0ms)
Completed 200 OK in 264ms (Views: 262.9ms | ActiveRecord: 0.0ms)


Started GET "/assets/ideas.self-e3b0c44298fc1c149afbf4c8996fb92427ae41e4649b934ca495991b7852b855.css?body=1" for 127.0.0.1 at 2016-11-19 15:29:08 -0300


Started GET "/assets/scaffolds.self-5d6ab611344d1a6eb29e48c53763cda2bc90b9fef25c0159330b226ad2300f54.css?body=1" for 127.0.0.1 at 2016-11-19 15:29:08 -0300


Started GET "/assets/application.self-0183c1737a771397bb3a5d7c5b6275ae74c7073e91c6cbe90d7806f0202e3039.css?body=1" for 127.0.0.1 at 2016-11-19 15:29:08 -0300


Started GET "/assets/jquery.self-bd7ddd393353a8d2480a622e80342adf488fb6006d667e8b42e4c0073393abee.js?body=1" for 127.0.0.1 at 2016-11-19 15:29:08 -0300


Started GET "/assets/turbolinks.self-c5acd7a204f5f25ce7a1d8a0e4d92e28d34c9e2df2c7371cd7af88e147e4ad82.js?body=1" for 127.0.0.1 at 2016-11-19 15:29:08 -0300


Started GET "/assets/jquery_ujs.self-784a997f6726036b1993eb2217c9cb558e1cbb801c6da88105588c56f13b466a.js?body=1" for 127.0.0.1 at 2016-11-19 15:29:08 -0300


Started GET "/assets/ideas.self-877aef30ae1b040ab8a3aba4e3e309a11d7f2612f44dde450b5c157aa5f95c05.js?body=1" for 127.0.0.1 at 2016-11-19 15:29:08 -0300


Started GET "/assets/application.self-3b8dabdc891efe46b9a144b400ad69e37d7e5876bdc39dee783419a69d7ca819.js?body=1" for 127.0.0.1 at 2016-11-19 15:29:08 -0300


Started GET "/ideas/new" for 127.0.0.1 at 2016-11-19 15:29:21 -0300
Processing by IdeasController#new as HTML
  Rendered ideas/_form.html.erb (5.4ms)
  Rendered ideas/new.html.erb within layouts/application (6.8ms)
Completed 200 OK in 30ms (Views: 29.6ms | ActiveRecord: 0.0ms)


Started GET "/assets/scaffolds.self-5d6ab611344d1a6eb29e48c53763cda2bc90b9fef25c0159330b226ad2300f54.css?body=1" for 127.0.0.1 at 2016-11-19 15:29:21 -0300


Started GET "/assets/application.self-0183c1737a771397bb3a5d7c5b6275ae74c7073e91c6cbe90d7806f0202e3039.css?body=1" for 127.0.0.1 at 2016-11-19 15:29:22 -0300


Started GET "/assets/ideas.self-e3b0c44298fc1c149afbf4c8996fb92427ae41e4649b934ca495991b7852b855.css?body=1" for 127.0.0.1 at 2016-11-19 15:29:22 -0300


Started GET "/assets/turbolinks.self-c5acd7a204f5f25ce7a1d8a0e4d92e28d34c9e2df2c7371cd7af88e147e4ad82.js?body=1" for 127.0.0.1 at 2016-11-19 15:29:22 -0300


Started GET "/assets/jquery.self-bd7ddd393353a8d2480a622e80342adf488fb6006d667e8b42e4c0073393abee.js?body=1" for 127.0.0.1 at 2016-11-19 15:29:22 -0300


Started GET "/assets/jquery_ujs.self-784a997f6726036b1993eb2217c9cb558e1cbb801c6da88105588c56f13b466a.js?body=1" for 127.0.0.1 at 2016-11-19 15:29:22 -0300


Started GET "/assets/ideas.self-877aef30ae1b040ab8a3aba4e3e309a11d7f2612f44dde450b5c157aa5f95c05.js?body=1" for 127.0.0.1 at 2016-11-19 15:29:22 -0300


Started GET "/assets/application.self-3b8dabdc891efe46b9a144b400ad69e37d7e5876bdc39dee783419a69d7ca819.js?body=1" for 127.0.0.1 at 2016-11-19 15:29:22 -0300


Started POST "/ideas" for 127.0.0.1 at 2016-11-19 15:30:52 -0300
Processing by IdeasController#create as HTML
  Parameters: {"utf8"=>"✓", "authenticity_token"=>"ss2/4yAalJx1lvU2I6nMvm1J3JD4gaiu6XFvLgPXyFH6CCMq7hOGzPm0d/izo1CN6vRan7VzWd3z5O+JxAFtqA==", "idea"=>{"name"=>"idea nombre", "description"=>"description", "picture"=>#<ActionDispatch::Http::UploadedFile:0x00000005615440 @tempfile=#<Tempfile:/tmp/RackMultipart20161119-10192-3teerr.JPG>, @original_filename="P0014_20-10-14.JPG", @content_type="image/jpeg", @headers="Content-Disposition: form-data; name=\"idea[picture]\"; filename=\"P0014_20-10-14.JPG\"\r\nContent-Type: image/jpeg\r\n">}, "commit"=>"Create Idea"}
  [1m[35m (0.1ms)[0m  begin transaction
  [1m[36mSQL (0.9ms)[0m  [1mINSERT INTO "ideas" ("name", "description", "picture", "created_at", "updated_at") VALUES (?, ?, ?, ?, ?)[0m  [["name", "idea nombre"], ["description", "description"], ["picture", "P0014_20-10-14.JPG"], ["created_at", "2016-11-19 18:30:52.910724"], ["updated_at", "2016-11-19 18:30:52.910724"]]
  [1m[35m (162.1ms)[0m  commit transaction
Redirected to http://localhost:3000/ideas/1
Completed 302 Found in 216ms (ActiveRecord: 163.1ms)


Started GET "/ideas/1" for 127.0.0.1 at 2016-11-19 15:30:53 -0300
Processing by IdeasController#show as HTML
  Parameters: {"id"=>"1"}
  [1m[36mIdea Load (0.2ms)[0m  [1mSELECT  "ideas".* FROM "ideas" WHERE "ideas"."id" = ? LIMIT 1[0m  [["id", 1]]
  Rendered ideas/show.html.erb within layouts/application (2.4ms)
Completed 200 OK in 51ms (Views: 38.4ms | ActiveRecord: 0.2ms)


Started GET "/ideas" for 127.0.0.1 at 2016-11-19 16:01:02 -0300

LoadError (cannot load such file -- /home/veronica/dev/railsgirls/config/routes.rb):
  activesupport (4.2.6) lib/active_support/dependencies.rb:268:in `load'
  activesupport (4.2.6) lib/active_support/dependencies.rb:268:in `block in load'
  activesupport (4.2.6) lib/active_support/dependencies.rb:240:in `load_dependency'
  activesupport (4.2.6) lib/active_support/dependencies.rb:268:in `load'
  railties (4.2.6) lib/rails/application/routes_reloader.rb:40:in `block in load_paths'
  railties (4.2.6) lib/rails/application/routes_reloader.rb:40:in `each'
  railties (4.2.6) lib/rails/application/routes_reloader.rb:40:in `load_paths'
  railties (4.2.6) lib/rails/application/routes_reloader.rb:16:in `reload!'
  railties (4.2.6) lib/rails/application/routes_reloader.rb:26:in `block in updater'
  activesupport (4.2.6) lib/active_support/file_update_checker.rb:75:in `call'
  activesupport (4.2.6) lib/active_support/file_update_checker.rb:75:in `execute'
  railties (4.2.6) lib/rails/application/routes_reloader.rb:7:in `execute'
  railties (4.2.6) lib/rails/application/finisher.rb:81:in `block (2 levels) in <module:Finisher>'
  activesupport (4.2.6) lib/active_support/callbacks.rb:446:in `instance_exec'
  activesupport (4.2.6) lib/active_support/callbacks.rb:446:in `block in make_lambda'
  activesupport (4.2.6) lib/active_support/callbacks.rb:192:in `call'
  activesupport (4.2.6) lib/active_support/callbacks.rb:192:in `block in simple'
  activesupport (4.2.6) lib/active_support/callbacks.rb:504:in `call'
  activesupport (4.2.6) lib/active_support/callbacks.rb:504:in `block in call'
  activesupport (4.2.6) lib/active_support/callbacks.rb:504:in `each'
  activesupport (4.2.6) lib/active_support/callbacks.rb:504:in `call'
  activesupport (4.2.6) lib/active_support/callbacks.rb:92:in `__run_callbacks__'
  activesupport (4.2.6) lib/active_support/callbacks.rb:778:in `_run_prepare_callbacks'
  activesupport (4.2.6) lib/active_support/callbacks.rb:81:in `run_callbacks'
  actionpack (4.2.6) lib/action_dispatch/middleware/reloader.rb:83:in `prepare!'
  actionpack (4.2.6) lib/action_dispatch/middleware/reloader.rb:71:in `call'
  actionpack (4.2.6) lib/action_dispatch/middleware/remote_ip.rb:78:in `call'
  actionpack (4.2.6) lib/action_dispatch/middleware/debug_exceptions.rb:17:in `call'
  web-console (2.3.0) lib/web_console/middleware.rb:28:in `block in call'
  web-console (2.3.0) lib/web_console/middleware.rb:18:in `catch'
  web-console (2.3.0) lib/web_console/middleware.rb:18:in `call'
  actionpack (4.2.6) lib/action_dispatch/middleware/show_exceptions.rb:30:in `call'
  railties (4.2.6) lib/rails/rack/logger.rb:38:in `call_app'
  railties (4.2.6) lib/rails/rack/logger.rb:20:in `block in call'
  activesupport (4.2.6) lib/active_support/tagged_logging.rb:68:in `block in tagged'
  activesupport (4.2.6) lib/active_support/tagged_logging.rb:26:in `tagged'
  activesupport (4.2.6) lib/active_support/tagged_logging.rb:68:in `tagged'
  railties (4.2.6) lib/rails/rack/logger.rb:20:in `call'
  actionpack (4.2.6) lib/action_dispatch/middleware/request_id.rb:21:in `call'
  rack (1.6.5) lib/rack/methodoverride.rb:22:in `call'
  rack (1.6.5) lib/rack/runtime.rb:18:in `call'
  activesupport (4.2.6) lib/active_support/cache/strategy/local_cache_middleware.rb:28:in `call'
  rack (1.6.5) lib/rack/lock.rb:17:in `call'
  actionpack (4.2.6) lib/action_dispatch/middleware/static.rb:120:in `call'
  rack (1.6.5) lib/rack/sendfile.rb:113:in `call'
  railties (4.2.6) lib/rails/engine.rb:518:in `call'
  railties (4.2.6) lib/rails/application.rb:165:in `call'
  rack (1.6.5) lib/rack/lock.rb:17:in `call'
  rack (1.6.5) lib/rack/content_length.rb:15:in `call'
  rack (1.6.5) lib/rack/handler/webrick.rb:88:in `service'
  /home/veronica/.rvm/rubies/ruby-2.2.2/lib/ruby/2.2.0/webrick/httpserver.rb:138:in `service'
  /home/veronica/.rvm/rubies/ruby-2.2.2/lib/ruby/2.2.0/webrick/httpserver.rb:94:in `run'
  /home/veronica/.rvm/rubies/ruby-2.2.2/lib/ruby/2.2.0/webrick/server.rb:294:in `block in start_thread'


  Rendered /home/veronica/.rvm/gems/ruby-2.2.2/gems/actionpack-4.2.6/lib/action_dispatch/middleware/templates/rescues/_source.erb (4.6ms)
  Rendered /home/veronica/.rvm/gems/ruby-2.2.2/gems/actionpack-4.2.6/lib/action_dispatch/middleware/templates/rescues/_trace.html.erb (2.3ms)
  Rendered /home/veronica/.rvm/gems/ruby-2.2.2/gems/actionpack-4.2.6/lib/action_dispatch/middleware/templates/rescues/_request_and_response.html.erb (2.3ms)
  Rendered /home/veronica/.rvm/gems/ruby-2.2.2/gems/actionpack-4.2.6/lib/action_dispatch/middleware/templates/rescues/diagnostics.html.erb within rescues/layout (27.1ms)
  Rendered /home/veronica/.rvm/gems/ruby-2.2.2/gems/web-console-2.3.0/lib/web_console/templates/_markup.html.erb (0.8ms)
  Rendered /home/veronica/.rvm/gems/ruby-2.2.2/gems/web-console-2.3.0/lib/web_console/templates/_inner_console_markup.html.erb within layouts/inlined_string (0.3ms)
  Rendered /home/veronica/.rvm/gems/ruby-2.2.2/gems/web-console-2.3.0/lib/web_console/templates/_prompt_box_markup.html.erb within layouts/inlined_string (0.4ms)
  Rendered /home/veronica/.rvm/gems/ruby-2.2.2/gems/web-console-2.3.0/lib/web_console/templates/style.css.erb within layouts/inlined_string (0.5ms)
  Rendered /home/veronica/.rvm/gems/ruby-2.2.2/gems/web-console-2.3.0/lib/web_console/templates/console.js.erb within layouts/javascript (45.9ms)
  Rendered /home/veronica/.rvm/gems/ruby-2.2.2/gems/web-console-2.3.0/lib/web_console/templates/index.html.erb (57.4ms)


Started GET "/ideas" for 127.0.0.1 at 2016-11-19 16:01:13 -0300

ActionController::RoutingError (No route matches [GET] "/ideas"):
  actionpack (4.2.6) lib/action_dispatch/middleware/debug_exceptions.rb:21:in `call'
  web-console (2.3.0) lib/web_console/middleware.rb:28:in `block in call'
  web-console (2.3.0) lib/web_console/middleware.rb:18:in `catch'
  web-console (2.3.0) lib/web_console/middleware.rb:18:in `call'
  actionpack (4.2.6) lib/action_dispatch/middleware/show_exceptions.rb:30:in `call'
  railties (4.2.6) lib/rails/rack/logger.rb:38:in `call_app'
  railties (4.2.6) lib/rails/rack/logger.rb:20:in `block in call'
  activesupport (4.2.6) lib/active_support/tagged_logging.rb:68:in `block in tagged'
  activesupport (4.2.6) lib/active_support/tagged_logging.rb:26:in `tagged'
  activesupport (4.2.6) lib/active_support/tagged_logging.rb:68:in `tagged'
  railties (4.2.6) lib/rails/rack/logger.rb:20:in `call'
  actionpack (4.2.6) lib/action_dispatch/middleware/request_id.rb:21:in `call'
  rack (1.6.5) lib/rack/methodoverride.rb:22:in `call'
  rack (1.6.5) lib/rack/runtime.rb:18:in `call'
  activesupport (4.2.6) lib/active_support/cache/strategy/local_cache_middleware.rb:28:in `call'
  rack (1.6.5) lib/rack/lock.rb:17:in `call'
  actionpack (4.2.6) lib/action_dispatch/middleware/static.rb:120:in `call'
  rack (1.6.5) lib/rack/sendfile.rb:113:in `call'
  railties (4.2.6) lib/rails/engine.rb:518:in `call'
  railties (4.2.6) lib/rails/application.rb:165:in `call'
  rack (1.6.5) lib/rack/lock.rb:17:in `call'
  rack (1.6.5) lib/rack/content_length.rb:15:in `call'
  rack (1.6.5) lib/rack/handler/webrick.rb:88:in `service'
  /home/veronica/.rvm/rubies/ruby-2.2.2/lib/ruby/2.2.0/webrick/httpserver.rb:138:in `service'
  /home/veronica/.rvm/rubies/ruby-2.2.2/lib/ruby/2.2.0/webrick/httpserver.rb:94:in `run'
  /home/veronica/.rvm/rubies/ruby-2.2.2/lib/ruby/2.2.0/webrick/server.rb:294:in `block in start_thread'


  Rendered /home/veronica/.rvm/gems/ruby-2.2.2/gems/actionpack-4.2.6/lib/action_dispatch/middleware/templates/rescues/_trace.html.erb (1.8ms)
  Rendered /home/veronica/.rvm/gems/ruby-2.2.2/gems/actionpack-4.2.6/lib/action_dispatch/middleware/templates/routes/_table.html.erb (4.1ms)
  Rendered /home/veronica/.rvm/gems/ruby-2.2.2/gems/actionpack-4.2.6/lib/action_dispatch/middleware/templates/rescues/_request_and_response.html.erb (1.6ms)
  Rendered /home/veronica/.rvm/gems/ruby-2.2.2/gems/actionpack-4.2.6/lib/action_dispatch/middleware/templates/rescues/routing_error.html.erb within rescues/layout (42.2ms)
  Rendered /home/veronica/.rvm/gems/ruby-2.2.2/gems/web-console-2.3.0/lib/web_console/templates/_markup.html.erb (0.5ms)
  Rendered /home/veronica/.rvm/gems/ruby-2.2.2/gems/web-console-2.3.0/lib/web_console/templates/_inner_console_markup.html.erb within layouts/inlined_string (0.5ms)
  Rendered /home/veronica/.rvm/gems/ruby-2.2.2/gems/web-console-2.3.0/lib/web_console/templates/_prompt_box_markup.html.erb within layouts/inlined_string (0.4ms)
  Rendered /home/veronica/.rvm/gems/ruby-2.2.2/gems/web-console-2.3.0/lib/web_console/templates/style.css.erb within layouts/inlined_string (0.4ms)
  Rendered /home/veronica/.rvm/gems/ruby-2.2.2/gems/web-console-2.3.0/lib/web_console/templates/console.js.erb within layouts/javascript (32.5ms)
  Rendered /home/veronica/.rvm/gems/ruby-2.2.2/gems/web-console-2.3.0/lib/web_console/templates/index.html.erb (42.2ms)


Started GET "/ideas" for 127.0.0.1 at 2016-11-19 16:01:15 -0300

ActionController::RoutingError (No route matches [GET] "/ideas"):
  actionpack (4.2.6) lib/action_dispatch/middleware/debug_exceptions.rb:21:in `call'
  web-console (2.3.0) lib/web_console/middleware.rb:28:in `block in call'
  web-console (2.3.0) lib/web_console/middleware.rb:18:in `catch'
  web-console (2.3.0) lib/web_console/middleware.rb:18:in `call'
  actionpack (4.2.6) lib/action_dispatch/middleware/show_exceptions.rb:30:in `call'
  railties (4.2.6) lib/rails/rack/logger.rb:38:in `call_app'
  railties (4.2.6) lib/rails/rack/logger.rb:20:in `block in call'
  activesupport (4.2.6) lib/active_support/tagged_logging.rb:68:in `block in tagged'
  activesupport (4.2.6) lib/active_support/tagged_logging.rb:26:in `tagged'
  activesupport (4.2.6) lib/active_support/tagged_logging.rb:68:in `tagged'
  railties (4.2.6) lib/rails/rack/logger.rb:20:in `call'
  actionpack (4.2.6) lib/action_dispatch/middleware/request_id.rb:21:in `call'
  rack (1.6.5) lib/rack/methodoverride.rb:22:in `call'
  rack (1.6.5) lib/rack/runtime.rb:18:in `call'
  activesupport (4.2.6) lib/active_support/cache/strategy/local_cache_middleware.rb:28:in `call'
  rack (1.6.5) lib/rack/lock.rb:17:in `call'
  actionpack (4.2.6) lib/action_dispatch/middleware/static.rb:120:in `call'
  rack (1.6.5) lib/rack/sendfile.rb:113:in `call'
  railties (4.2.6) lib/rails/engine.rb:518:in `call'
  railties (4.2.6) lib/rails/application.rb:165:in `call'
  rack (1.6.5) lib/rack/lock.rb:17:in `call'
  rack (1.6.5) lib/rack/content_length.rb:15:in `call'
  rack (1.6.5) lib/rack/handler/webrick.rb:88:in `service'
  /home/veronica/.rvm/rubies/ruby-2.2.2/lib/ruby/2.2.0/webrick/httpserver.rb:138:in `service'
  /home/veronica/.rvm/rubies/ruby-2.2.2/lib/ruby/2.2.0/webrick/httpserver.rb:94:in `run'
  /home/veronica/.rvm/rubies/ruby-2.2.2/lib/ruby/2.2.0/webrick/server.rb:294:in `block in start_thread'


  Rendered /home/veronica/.rvm/gems/ruby-2.2.2/gems/actionpack-4.2.6/lib/action_dispatch/middleware/templates/rescues/_trace.html.erb (2.0ms)
  Rendered /home/veronica/.rvm/gems/ruby-2.2.2/gems/actionpack-4.2.6/lib/action_dispatch/middleware/templates/routes/_table.html.erb (1.5ms)
  Rendered /home/veronica/.rvm/gems/ruby-2.2.2/gems/actionpack-4.2.6/lib/action_dispatch/middleware/templates/rescues/_request_and_response.html.erb (1.5ms)
  Rendered /home/veronica/.rvm/gems/ruby-2.2.2/gems/actionpack-4.2.6/lib/action_dispatch/middleware/templates/rescues/routing_error.html.erb within rescues/layout (22.5ms)
  Rendered /home/veronica/.rvm/gems/ruby-2.2.2/gems/web-console-2.3.0/lib/web_console/templates/_markup.html.erb (0.4ms)
  Rendered /home/veronica/.rvm/gems/ruby-2.2.2/gems/web-console-2.3.0/lib/web_console/templates/_inner_console_markup.html.erb within layouts/inlined_string (0.4ms)
  Rendered /home/veronica/.rvm/gems/ruby-2.2.2/gems/web-console-2.3.0/lib/web_console/templates/_prompt_box_markup.html.erb within layouts/inlined_string (0.3ms)
  Rendered /home/veronica/.rvm/gems/ruby-2.2.2/gems/web-console-2.3.0/lib/web_console/templates/style.css.erb within layouts/inlined_string (0.5ms)
  Rendered /home/veronica/.rvm/gems/ruby-2.2.2/gems/web-console-2.3.0/lib/web_console/templates/console.js.erb within layouts/javascript (32.8ms)
  Rendered /home/veronica/.rvm/gems/ruby-2.2.2/gems/web-console-2.3.0/lib/web_console/templates/index.html.erb (43.3ms)


Started GET "/ideas" for 127.0.0.1 at 2016-11-19 16:01:16 -0300

ActionController::RoutingError (No route matches [GET] "/ideas"):
  actionpack (4.2.6) lib/action_dispatch/middleware/debug_exceptions.rb:21:in `call'
  web-console (2.3.0) lib/web_console/middleware.rb:28:in `block in call'
  web-console (2.3.0) lib/web_console/middleware.rb:18:in `catch'
  web-console (2.3.0) lib/web_console/middleware.rb:18:in `call'
  actionpack (4.2.6) lib/action_dispatch/middleware/show_exceptions.rb:30:in `call'
  railties (4.2.6) lib/rails/rack/logger.rb:38:in `call_app'
  railties (4.2.6) lib/rails/rack/logger.rb:20:in `block in call'
  activesupport (4.2.6) lib/active_support/tagged_logging.rb:68:in `block in tagged'
  activesupport (4.2.6) lib/active_support/tagged_logging.rb:26:in `tagged'
  activesupport (4.2.6) lib/active_support/tagged_logging.rb:68:in `tagged'
  railties (4.2.6) lib/rails/rack/logger.rb:20:in `call'
  actionpack (4.2.6) lib/action_dispatch/middleware/request_id.rb:21:in `call'
  rack (1.6.5) lib/rack/methodoverride.rb:22:in `call'
  rack (1.6.5) lib/rack/runtime.rb:18:in `call'
  activesupport (4.2.6) lib/active_support/cache/strategy/local_cache_middleware.rb:28:in `call'
  rack (1.6.5) lib/rack/lock.rb:17:in `call'
  actionpack (4.2.6) lib/action_dispatch/middleware/static.rb:120:in `call'
  rack (1.6.5) lib/rack/sendfile.rb:113:in `call'
  railties (4.2.6) lib/rails/engine.rb:518:in `call'
  railties (4.2.6) lib/rails/application.rb:165:in `call'
  rack (1.6.5) lib/rack/lock.rb:17:in `call'
  rack (1.6.5) lib/rack/content_length.rb:15:in `call'
  rack (1.6.5) lib/rack/handler/webrick.rb:88:in `service'
  /home/veronica/.rvm/rubies/ruby-2.2.2/lib/ruby/2.2.0/webrick/httpserver.rb:138:in `service'
  /home/veronica/.rvm/rubies/ruby-2.2.2/lib/ruby/2.2.0/webrick/httpserver.rb:94:in `run'
  /home/veronica/.rvm/rubies/ruby-2.2.2/lib/ruby/2.2.0/webrick/server.rb:294:in `block in start_thread'


  Rendered /home/veronica/.rvm/gems/ruby-2.2.2/gems/actionpack-4.2.6/lib/action_dispatch/middleware/templates/rescues/_trace.html.erb (1.9ms)
  Rendered /home/veronica/.rvm/gems/ruby-2.2.2/gems/actionpack-4.2.6/lib/action_dispatch/middleware/templates/routes/_table.html.erb (1.5ms)
  Rendered /home/veronica/.rvm/gems/ruby-2.2.2/gems/actionpack-4.2.6/lib/action_dispatch/middleware/templates/rescues/_request_and_response.html.erb (1.3ms)
  Rendered /home/veronica/.rvm/gems/ruby-2.2.2/gems/actionpack-4.2.6/lib/action_dispatch/middleware/templates/rescues/routing_error.html.erb within rescues/layout (21.1ms)
  Rendered /home/veronica/.rvm/gems/ruby-2.2.2/gems/web-console-2.3.0/lib/web_console/templates/_markup.html.erb (1.1ms)
  Rendered /home/veronica/.rvm/gems/ruby-2.2.2/gems/web-console-2.3.0/lib/web_console/templates/_inner_console_markup.html.erb within layouts/inlined_string (0.4ms)
  Rendered /home/veronica/.rvm/gems/ruby-2.2.2/gems/web-console-2.3.0/lib/web_console/templates/_prompt_box_markup.html.erb within layouts/inlined_string (0.4ms)
  Rendered /home/veronica/.rvm/gems/ruby-2.2.2/gems/web-console-2.3.0/lib/web_console/templates/style.css.erb within layouts/inlined_string (0.3ms)
  Rendered /home/veronica/.rvm/gems/ruby-2.2.2/gems/web-console-2.3.0/lib/web_console/templates/console.js.erb within layouts/javascript (31.9ms)
  Rendered /home/veronica/.rvm/gems/ruby-2.2.2/gems/web-console-2.3.0/lib/web_console/templates/index.html.erb (44.3ms)


Started GET "/ideas" for 127.0.0.1 at 2016-11-19 16:01:29 -0300
  [1m[36mActiveRecord::SchemaMigration Load (0.2ms)[0m  [1mSELECT "schema_migrations".* FROM "schema_migrations"[0m
Processing by IdeasController#index as HTML
  [1m[35mIdea Load (0.2ms)[0m  SELECT "ideas".* FROM "ideas"
  Rendered ideas/index.html.erb within layouts/application (12.8ms)
Completed 200 OK in 396ms (Views: 379.7ms | ActiveRecord: 0.8ms)


Started GET "/ideas/" for 127.0.0.1 at 2016-11-19 16:10:42 -0300
Processing by IdeasController#index as HTML
  [1m[36mIdea Load (0.3ms)[0m  [1mSELECT "ideas".* FROM "ideas"[0m
  Rendered ideas/index.html.erb within layouts/application (2.6ms)
Completed 200 OK in 27ms (Views: 26.3ms | ActiveRecord: 0.3ms)


Started GET "/ideas/new" for 127.0.0.1 at 2016-11-19 16:10:58 -0300
Processing by IdeasController#new as HTML
  Rendered ideas/_form.html.erb (63.8ms)
  Rendered ideas/new.html.erb within layouts/application (70.4ms)
Completed 200 OK in 114ms (Views: 112.1ms | ActiveRecord: 0.0ms)


Started POST "/ideas" for 127.0.0.1 at 2016-11-19 16:12:12 -0300
Processing by IdeasController#create as HTML
  Parameters: {"utf8"=>"✓", "authenticity_token"=>"ELlQClDgsJcnItSHlqgHBSP52YN2E0JSDepHQ0NiFVNYfMzDnumix6sAVkkGops2pERfjDvhsyEXf8fkhLSwqg==", "idea"=>{"name"=>"idea2", "description"=>"nada\r\nnada\r\n", "picture"=>#<ActionDispatch::Http::UploadedFile:0x007f5f7d5532d0 @tempfile=#<Tempfile:/tmp/RackMultipart20161119-11856-1pcbt8l.JPG>, @original_filename="P1638[02]_17-11-13.JPG", @content_type="image/jpeg", @headers="Content-Disposition: form-data; name=\"idea[picture]\"; filename=\"P1638[02]_17-11-13.JPG\"\r\nContent-Type: image/jpeg\r\n">}, "commit"=>"Create Idea"}
  [1m[35m (0.1ms)[0m  begin transaction
  [1m[36mSQL (0.4ms)[0m  [1mINSERT INTO "ideas" ("name", "description", "picture", "created_at", "updated_at") VALUES (?, ?, ?, ?, ?)[0m  [["name", "idea2"], ["description", "nada\r\nnada\r\n"], ["picture", "P1638_02__17-11-13.JPG"], ["created_at", "2016-11-19 19:12:12.907879"], ["updated_at", "2016-11-19 19:12:12.907879"]]
  [1m[35m (141.7ms)[0m  commit transaction
Redirected to http://localhost:3000/ideas/2
Completed 302 Found in 161ms (ActiveRecord: 142.2ms)


Started GET "/ideas/2" for 127.0.0.1 at 2016-11-19 16:12:13 -0300
Processing by IdeasController#show as HTML
  Parameters: {"id"=>"2"}
  [1m[36mIdea Load (0.5ms)[0m  [1mSELECT  "ideas".* FROM "ideas" WHERE "ideas"."id" = ? LIMIT 1[0m  [["id", 2]]
  Rendered ideas/show.html.erb within layouts/application (2.6ms)
Completed 200 OK in 51ms (Views: 39.3ms | ActiveRecord: 0.5ms)


Started GET "/ideas" for 127.0.0.1 at 2016-11-19 16:30:18 -0300
Processing by IdeasController#index as HTML
  [1m[35mIdea Load (0.2ms)[0m  SELECT "ideas".* FROM "ideas"
  Rendered ideas/index.html.erb within layouts/application (4.7ms)
Completed 200 OK in 32ms (Views: 30.9ms | ActiveRecord: 0.2ms)


Started GET "/ideas/1" for 127.0.0.1 at 2016-11-19 16:30:22 -0300
Processing by IdeasController#show as HTML
  Parameters: {"id"=>"1"}
  [1m[36mIdea Load (0.1ms)[0m  [1mSELECT  "ideas".* FROM "ideas" WHERE "ideas"."id" = ? LIMIT 1[0m  [["id", 1]]
  Rendered ideas/show.html.erb within layouts/application (1.2ms)
Completed 200 OK in 24ms (Views: 22.5ms | ActiveRecord: 0.1ms)


Started GET "/ideas" for 127.0.0.1 at 2016-11-19 16:30:26 -0300
Processing by IdeasController#index as HTML
  [1m[35mIdea Load (0.3ms)[0m  SELECT "ideas".* FROM "ideas"
  Rendered ideas/index.html.erb within layouts/application (3.6ms)
Completed 200 OK in 26ms (Views: 25.1ms | ActiveRecord: 0.3ms)


Started GET "/ideas/1/edit" for 127.0.0.1 at 2016-11-19 16:30:30 -0300
Processing by IdeasController#edit as HTML
  Parameters: {"id"=>"1"}
  [1m[36mIdea Load (0.2ms)[0m  [1mSELECT  "ideas".* FROM "ideas" WHERE "ideas"."id" = ? LIMIT 1[0m  [["id", 1]]
  Rendered ideas/_form.html.erb (3.8ms)
  Rendered ideas/edit.html.erb within layouts/application (5.7ms)
Completed 200 OK in 25ms (Views: 23.9ms | ActiveRecord: 0.2ms)


Started PATCH "/ideas/1" for 127.0.0.1 at 2016-11-19 16:30:53 -0300
Processing by IdeasController#update as HTML
  Parameters: {"utf8"=>"✓", "authenticity_token"=>"yeocA462VOZfQyGBKf+Ks/kmKj1v2R1CUqkOrkIq7oGBL4DKQL9GttNho0+59RaAfpusMiIr7DFIPI4JhfxLeA==", "idea"=>{"name"=>"idea nombre", "description"=>"description", "picture"=>#<ActionDispatch::Http::UploadedFile:0x007f5f60763448 @tempfile=#<Tempfile:/tmp/RackMultipart20161119-11856-j9tt85.JPG>, @original_filename="P1639[02]_17-11-13.JPG", @content_type="image/jpeg", @headers="Content-Disposition: form-data; name=\"idea[picture]\"; filename=\"P1639[02]_17-11-13.JPG\"\r\nContent-Type: image/jpeg\r\n">}, "commit"=>"Update Idea", "id"=>"1"}
  [1m[35mIdea Load (0.2ms)[0m  SELECT  "ideas".* FROM "ideas" WHERE "ideas"."id" = ? LIMIT 1  [["id", 1]]
  [1m[36m (0.1ms)[0m  [1mbegin transaction[0m
  [1m[35mIdea Load (0.1ms)[0m  SELECT  "ideas".* FROM "ideas" WHERE "ideas"."id" = ? LIMIT 1  [["id", 1]]
  [1m[36mSQL (0.3ms)[0m  [1mUPDATE "ideas" SET "picture" = ?, "updated_at" = ? WHERE "ideas"."id" = ?[0m  [["picture", "P1639_02__17-11-13.JPG"], ["updated_at", "2016-11-19 19:30:53.841567"], ["id", 1]]
  [1m[35m (148.1ms)[0m  commit transaction
Redirected to http://localhost:3000/ideas/1
Completed 302 Found in 161ms (ActiveRecord: 148.8ms)


Started GET "/ideas/1" for 127.0.0.1 at 2016-11-19 16:30:54 -0300
Processing by IdeasController#show as HTML
  Parameters: {"id"=>"1"}
  [1m[36mIdea Load (0.2ms)[0m  [1mSELECT  "ideas".* FROM "ideas" WHERE "ideas"."id" = ? LIMIT 1[0m  [["id", 1]]
  Rendered ideas/show.html.erb within layouts/application (1.2ms)
Completed 200 OK in 20ms (Views: 19.0ms | ActiveRecord: 0.2ms)


Started GET "/" for 127.0.0.1 at 2016-11-19 16:31:00 -0300
Processing by Rails::WelcomeController#index as HTML
  Rendered /home/veronica/.rvm/gems/ruby-2.2.2/gems/railties-4.2.6/lib/rails/templates/rails/welcome/index.html.erb (0.8ms)
Completed 200 OK in 5ms (Views: 4.0ms | ActiveRecord: 0.0ms)


Started GET "/ideas" for 127.0.0.1 at 2016-11-19 16:31:41 -0300
Processing by IdeasController#index as HTML
  [1m[35mIdea Load (0.3ms)[0m  SELECT "ideas".* FROM "ideas"
  Rendered ideas/index.html.erb within layouts/application (3.4ms)
Completed 200 OK in 27ms (Views: 25.8ms | ActiveRecord: 0.3ms)


Started GET "/ideas/new" for 127.0.0.1 at 2016-11-19 16:31:49 -0300
Processing by IdeasController#new as HTML
  Rendered ideas/_form.html.erb (2.9ms)
  Rendered ideas/new.html.erb within layouts/application (4.0ms)
Completed 200 OK in 23ms (Views: 22.4ms | ActiveRecord: 0.0ms)
